2019-04-16 12:51:36,108 [INFO] from play.api.db.DefaultDBApi in play-dev-mode-akka.actor.default-dispatcher-5 - Database [default] initialized at jdbc:h2:file:./data/productsDB
2019-04-16 12:51:36,113 [INFO] from application in play-dev-mode-akka.actor.default-dispatcher-5 - Creating Pool for datasource 'default'
2019-04-16 12:51:37,329 [INFO] from application in play-dev-mode-akka.actor.default-dispatcher-5 - ApplicationTimer demo: Starting application at 2019-04-16T11:51:37.329Z
2019-04-16 12:51:37,693 [WARN] from org.hibernate.validator.messageinterpolation.ParameterMessageInterpolator in play-dev-mode-akka.actor.default-dispatcher-5 - HV000184: ParameterMessageInterpolator has been chosen, EL interpolation will not be supported
2019-04-16 12:51:37,948 [INFO] from play.api.http.EnabledFilters in play-dev-mode-akka.actor.default-dispatcher-5 - Enabled Filters (see <https://www.playframework.com/documentation/latest/Filters>):

    play.filters.csrf.CSRFFilter
    play.filters.headers.SecurityHeadersFilter
    play.filters.hosts.AllowedHostsFilter
    filters.ExampleFilter

2019-04-16 12:51:37,954 [INFO] from play.api.Play in play-dev-mode-akka.actor.default-dispatcher-5 - Application started (Dev)
2019-04-16 13:00:50,718 [INFO] from application in application-akka.actor.default-dispatcher-19 - ApplicationTimer demo: Stopping application at 2019-04-16T12:00:50.715Z after 553s.
2019-04-16 13:00:50,721 [INFO] from application in application-akka.actor.default-dispatcher-19 - Shutting down connection pool.
2019-04-16 13:00:51,062 [INFO] from play.api.db.DefaultDBApi in play-dev-mode-akka.actor.default-dispatcher-34 - Database [default] initialized at jdbc:h2:file:./data/productsDB
2019-04-16 13:00:51,063 [INFO] from application in play-dev-mode-akka.actor.default-dispatcher-34 - Creating Pool for datasource 'default'
2019-04-16 13:00:51,176 [INFO] from application in play-dev-mode-akka.actor.default-dispatcher-34 - ApplicationTimer demo: Starting application at 2019-04-16T12:00:51.175Z
2019-04-16 13:00:51,211 [WARN] from org.hibernate.validator.messageinterpolation.ParameterMessageInterpolator in play-dev-mode-akka.actor.default-dispatcher-34 - HV000184: ParameterMessageInterpolator has been chosen, EL interpolation will not be supported
2019-04-16 13:00:51,317 [INFO] from play.api.http.EnabledFilters in play-dev-mode-akka.actor.default-dispatcher-34 - Enabled Filters (see <https://www.playframework.com/documentation/latest/Filters>):

    play.filters.csrf.CSRFFilter
    play.filters.headers.SecurityHeadersFilter
    play.filters.hosts.AllowedHostsFilter
    filters.ExampleFilter

2019-04-16 13:00:51,318 [INFO] from play.api.Play in play-dev-mode-akka.actor.default-dispatcher-34 - Application started (Dev)
2019-04-16 13:04:49,718 [INFO] from application in application-akka.actor.default-dispatcher-11 - ApplicationTimer demo: Stopping application at 2019-04-16T12:04:49.718Z after 238s.
2019-04-16 13:04:49,718 [INFO] from application in application-akka.actor.default-dispatcher-11 - Shutting down connection pool.
2019-04-16 13:04:50,056 [INFO] from play.api.db.DefaultDBApi in play-dev-mode-akka.actor.default-dispatcher-43 - Database [default] initialized at jdbc:h2:file:./data/productsDB
2019-04-16 13:04:50,056 [INFO] from application in play-dev-mode-akka.actor.default-dispatcher-43 - Creating Pool for datasource 'default'
2019-04-16 13:04:50,144 [INFO] from application in play-dev-mode-akka.actor.default-dispatcher-43 - ApplicationTimer demo: Starting application at 2019-04-16T12:04:50.144Z
2019-04-16 13:04:50,173 [WARN] from org.hibernate.validator.messageinterpolation.ParameterMessageInterpolator in play-dev-mode-akka.actor.default-dispatcher-43 - HV000184: ParameterMessageInterpolator has been chosen, EL interpolation will not be supported
2019-04-16 13:04:50,300 [INFO] from play.api.http.EnabledFilters in play-dev-mode-akka.actor.default-dispatcher-43 - Enabled Filters (see <https://www.playframework.com/documentation/latest/Filters>):

    play.filters.csrf.CSRFFilter
    play.filters.headers.SecurityHeadersFilter
    play.filters.hosts.AllowedHostsFilter
    filters.ExampleFilter

2019-04-16 13:04:50,305 [INFO] from play.api.Play in play-dev-mode-akka.actor.default-dispatcher-43 - Application started (Dev)
2019-04-16 13:05:46,498 [INFO] from application in application-akka.actor.default-dispatcher-12 - ApplicationTimer demo: Stopping application at 2019-04-16T12:05:46.498Z after 56s.
2019-04-16 13:05:46,500 [INFO] from application in application-akka.actor.default-dispatcher-12 - Shutting down connection pool.
2019-04-16 13:05:46,806 [INFO] from play.api.db.DefaultDBApi in play-dev-mode-akka.actor.default-dispatcher-41 - Database [default] initialized at jdbc:h2:file:./data/productsDB
2019-04-16 13:05:46,806 [INFO] from application in play-dev-mode-akka.actor.default-dispatcher-41 - Creating Pool for datasource 'default'
2019-04-16 13:05:46,907 [INFO] from application in play-dev-mode-akka.actor.default-dispatcher-41 - ApplicationTimer demo: Starting application at 2019-04-16T12:05:46.907Z
2019-04-16 13:05:46,924 [WARN] from org.hibernate.validator.messageinterpolation.ParameterMessageInterpolator in play-dev-mode-akka.actor.default-dispatcher-41 - HV000184: ParameterMessageInterpolator has been chosen, EL interpolation will not be supported
2019-04-16 13:05:47,031 [INFO] from play.api.http.EnabledFilters in play-dev-mode-akka.actor.default-dispatcher-41 - Enabled Filters (see <https://www.playframework.com/documentation/latest/Filters>):

    play.filters.csrf.CSRFFilter
    play.filters.headers.SecurityHeadersFilter
    play.filters.hosts.AllowedHostsFilter
    filters.ExampleFilter

2019-04-16 13:05:47,031 [INFO] from play.api.Play in play-dev-mode-akka.actor.default-dispatcher-41 - Application started (Dev)
2019-04-16 13:06:40,945 [INFO] from application in application-akka.actor.default-dispatcher-12 - ApplicationTimer demo: Stopping application at 2019-04-16T12:06:40.945Z after 54s.
2019-04-16 13:06:40,946 [INFO] from application in application-akka.actor.default-dispatcher-12 - Shutting down connection pool.
2019-04-16 13:06:41,203 [INFO] from play.api.db.DefaultDBApi in play-dev-mode-akka.actor.default-dispatcher-42 - Database [default] initialized at jdbc:h2:file:./data/productsDB
2019-04-16 13:06:41,205 [INFO] from application in play-dev-mode-akka.actor.default-dispatcher-42 - Creating Pool for datasource 'default'
2019-04-16 13:06:41,276 [INFO] from application in play-dev-mode-akka.actor.default-dispatcher-42 - ApplicationTimer demo: Starting application at 2019-04-16T12:06:41.276Z
2019-04-16 13:06:41,286 [WARN] from org.hibernate.validator.messageinterpolation.ParameterMessageInterpolator in play-dev-mode-akka.actor.default-dispatcher-42 - HV000184: ParameterMessageInterpolator has been chosen, EL interpolation will not be supported
2019-04-16 13:06:41,347 [INFO] from play.api.http.EnabledFilters in play-dev-mode-akka.actor.default-dispatcher-42 - Enabled Filters (see <https://www.playframework.com/documentation/latest/Filters>):

    play.filters.csrf.CSRFFilter
    play.filters.headers.SecurityHeadersFilter
    play.filters.hosts.AllowedHostsFilter
    filters.ExampleFilter

2019-04-16 13:06:41,348 [INFO] from play.api.Play in play-dev-mode-akka.actor.default-dispatcher-42 - Application started (Dev)
2019-04-16 13:08:14,739 [INFO] from application in application-akka.actor.default-dispatcher-10 - ApplicationTimer demo: Stopping application at 2019-04-16T12:08:14.739Z after 93s.
2019-04-16 13:08:14,740 [INFO] from application in application-akka.actor.default-dispatcher-10 - Shutting down connection pool.
2019-04-16 13:08:15,027 [INFO] from play.api.db.DefaultDBApi in play-dev-mode-akka.actor.default-dispatcher-48 - Database [default] initialized at jdbc:h2:file:./data/productsDB
2019-04-16 13:08:15,027 [INFO] from application in play-dev-mode-akka.actor.default-dispatcher-48 - Creating Pool for datasource 'default'
2019-04-16 13:08:15,123 [INFO] from application in play-dev-mode-akka.actor.default-dispatcher-48 - ApplicationTimer demo: Starting application at 2019-04-16T12:08:15.123Z
2019-04-16 13:08:15,137 [WARN] from org.hibernate.validator.messageinterpolation.ParameterMessageInterpolator in play-dev-mode-akka.actor.default-dispatcher-48 - HV000184: ParameterMessageInterpolator has been chosen, EL interpolation will not be supported
2019-04-16 13:08:15,216 [INFO] from play.api.http.EnabledFilters in play-dev-mode-akka.actor.default-dispatcher-48 - Enabled Filters (see <https://www.playframework.com/documentation/latest/Filters>):

    play.filters.csrf.CSRFFilter
    play.filters.headers.SecurityHeadersFilter
    play.filters.hosts.AllowedHostsFilter
    filters.ExampleFilter

2019-04-16 13:08:15,216 [INFO] from play.api.Play in play-dev-mode-akka.actor.default-dispatcher-48 - Application started (Dev)
2019-04-16 13:10:38,241 [INFO] from application in application-akka.actor.default-dispatcher-12 - ApplicationTimer demo: Stopping application at 2019-04-16T12:10:38.241Z after 143s.
2019-04-16 13:10:38,242 [INFO] from application in application-akka.actor.default-dispatcher-12 - Shutting down connection pool.
2019-04-16 13:10:38,602 [INFO] from play.api.db.DefaultDBApi in play-dev-mode-akka.actor.default-dispatcher-41 - Database [default] initialized at jdbc:h2:file:./data/productsDB
2019-04-16 13:10:38,603 [INFO] from application in play-dev-mode-akka.actor.default-dispatcher-41 - Creating Pool for datasource 'default'
2019-04-16 13:10:38,728 [INFO] from application in play-dev-mode-akka.actor.default-dispatcher-41 - ApplicationTimer demo: Starting application at 2019-04-16T12:10:38.728Z
2019-04-16 13:10:38,756 [WARN] from org.hibernate.validator.messageinterpolation.ParameterMessageInterpolator in play-dev-mode-akka.actor.default-dispatcher-41 - HV000184: ParameterMessageInterpolator has been chosen, EL interpolation will not be supported
2019-04-16 13:10:38,861 [INFO] from play.api.http.EnabledFilters in play-dev-mode-akka.actor.default-dispatcher-41 - Enabled Filters (see <https://www.playframework.com/documentation/latest/Filters>):

    play.filters.csrf.CSRFFilter
    play.filters.headers.SecurityHeadersFilter
    play.filters.hosts.AllowedHostsFilter
    filters.ExampleFilter

2019-04-16 13:10:38,861 [INFO] from play.api.Play in play-dev-mode-akka.actor.default-dispatcher-41 - Application started (Dev)
2019-04-16 13:30:55,360 [INFO] from application in application-akka.actor.default-dispatcher-14 - ApplicationTimer demo: Stopping application at 2019-04-16T12:30:55.360Z after 1217s.
2019-04-16 13:30:55,361 [INFO] from application in application-akka.actor.default-dispatcher-14 - Shutting down connection pool.
2019-04-16 13:30:55,571 [INFO] from play.api.db.DefaultDBApi in play-dev-mode-akka.actor.default-dispatcher-60 - Database [default] initialized at jdbc:h2:file:./data/productsDB
2019-04-16 13:30:55,571 [INFO] from application in play-dev-mode-akka.actor.default-dispatcher-60 - Creating Pool for datasource 'default'
2019-04-16 13:30:55,648 [INFO] from application in play-dev-mode-akka.actor.default-dispatcher-60 - ApplicationTimer demo: Starting application at 2019-04-16T12:30:55.648Z
2019-04-16 13:30:55,659 [WARN] from org.hibernate.validator.messageinterpolation.ParameterMessageInterpolator in play-dev-mode-akka.actor.default-dispatcher-60 - HV000184: ParameterMessageInterpolator has been chosen, EL interpolation will not be supported
2019-04-16 13:30:55,718 [INFO] from play.api.http.EnabledFilters in play-dev-mode-akka.actor.default-dispatcher-60 - Enabled Filters (see <https://www.playframework.com/documentation/latest/Filters>):

    play.filters.csrf.CSRFFilter
    play.filters.headers.SecurityHeadersFilter
    play.filters.hosts.AllowedHostsFilter
    filters.ExampleFilter

2019-04-16 13:30:55,718 [INFO] from play.api.Play in play-dev-mode-akka.actor.default-dispatcher-60 - Application started (Dev)
2019-04-16 13:31:13,079 [INFO] from application in application-akka.actor.default-dispatcher-10 - ApplicationTimer demo: Stopping application at 2019-04-16T12:31:13.079Z after 18s.
2019-04-16 13:31:13,079 [INFO] from application in application-akka.actor.default-dispatcher-10 - Shutting down connection pool.
2019-04-16 13:31:13,244 [INFO] from play.api.db.DefaultDBApi in play-dev-mode-akka.actor.default-dispatcher-60 - Database [default] initialized at jdbc:h2:file:./data/productsDB
2019-04-16 13:31:13,245 [INFO] from application in play-dev-mode-akka.actor.default-dispatcher-60 - Creating Pool for datasource 'default'
2019-04-16 13:31:13,313 [INFO] from application in play-dev-mode-akka.actor.default-dispatcher-60 - ApplicationTimer demo: Starting application at 2019-04-16T12:31:13.313Z
2019-04-16 13:31:13,341 [WARN] from org.hibernate.validator.messageinterpolation.ParameterMessageInterpolator in play-dev-mode-akka.actor.default-dispatcher-60 - HV000184: ParameterMessageInterpolator has been chosen, EL interpolation will not be supported
2019-04-16 13:31:13,476 [INFO] from play.api.http.EnabledFilters in play-dev-mode-akka.actor.default-dispatcher-60 - Enabled Filters (see <https://www.playframework.com/documentation/latest/Filters>):

    play.filters.csrf.CSRFFilter
    play.filters.headers.SecurityHeadersFilter
    play.filters.hosts.AllowedHostsFilter
    filters.ExampleFilter

2019-04-16 13:31:13,476 [INFO] from play.api.Play in play-dev-mode-akka.actor.default-dispatcher-60 - Application started (Dev)
2019-04-16 13:33:08,077 [INFO] from application in application-akka.actor.default-dispatcher-11 - ApplicationTimer demo: Stopping application at 2019-04-16T12:33:08.077Z after 115s.
2019-04-16 13:33:08,079 [INFO] from application in application-akka.actor.default-dispatcher-11 - Shutting down connection pool.
2019-04-16 13:33:08,327 [INFO] from play.api.db.DefaultDBApi in play-dev-mode-akka.actor.default-dispatcher-57 - Database [default] initialized at jdbc:h2:file:./data/productsDB
2019-04-16 13:33:08,331 [INFO] from application in play-dev-mode-akka.actor.default-dispatcher-57 - Creating Pool for datasource 'default'
2019-04-16 13:33:08,397 [INFO] from application in play-dev-mode-akka.actor.default-dispatcher-57 - ApplicationTimer demo: Starting application at 2019-04-16T12:33:08.397Z
2019-04-16 13:33:08,411 [WARN] from org.hibernate.validator.messageinterpolation.ParameterMessageInterpolator in play-dev-mode-akka.actor.default-dispatcher-57 - HV000184: ParameterMessageInterpolator has been chosen, EL interpolation will not be supported
2019-04-16 13:33:08,496 [INFO] from play.api.http.EnabledFilters in play-dev-mode-akka.actor.default-dispatcher-57 - Enabled Filters (see <https://www.playframework.com/documentation/latest/Filters>):

    play.filters.csrf.CSRFFilter
    play.filters.headers.SecurityHeadersFilter
    play.filters.hosts.AllowedHostsFilter
    filters.ExampleFilter

2019-04-16 13:33:08,497 [INFO] from play.api.Play in play-dev-mode-akka.actor.default-dispatcher-57 - Application started (Dev)
2019-04-16 13:33:52,497 [INFO] from application in application-akka.actor.default-dispatcher-5 - ApplicationTimer demo: Stopping application at 2019-04-16T12:33:52.497Z after 44s.
2019-04-16 13:33:52,497 [INFO] from application in application-akka.actor.default-dispatcher-5 - Shutting down connection pool.
2019-04-16 13:33:52,744 [INFO] from play.api.db.DefaultDBApi in play-dev-mode-akka.actor.default-dispatcher-59 - Database [default] initialized at jdbc:h2:file:./data/productsDB
2019-04-16 13:33:52,744 [INFO] from application in play-dev-mode-akka.actor.default-dispatcher-59 - Creating Pool for datasource 'default'
2019-04-16 13:33:52,804 [INFO] from application in play-dev-mode-akka.actor.default-dispatcher-59 - ApplicationTimer demo: Starting application at 2019-04-16T12:33:52.804Z
2019-04-16 13:33:52,819 [WARN] from org.hibernate.validator.messageinterpolation.ParameterMessageInterpolator in play-dev-mode-akka.actor.default-dispatcher-59 - HV000184: ParameterMessageInterpolator has been chosen, EL interpolation will not be supported
2019-04-16 13:33:52,886 [INFO] from play.api.http.EnabledFilters in play-dev-mode-akka.actor.default-dispatcher-59 - Enabled Filters (see <https://www.playframework.com/documentation/latest/Filters>):

    play.filters.csrf.CSRFFilter
    play.filters.headers.SecurityHeadersFilter
    play.filters.hosts.AllowedHostsFilter
    filters.ExampleFilter

2019-04-16 13:33:52,887 [INFO] from play.api.Play in play-dev-mode-akka.actor.default-dispatcher-59 - Application started (Dev)
2019-04-16 13:34:24,801 [INFO] from application in application-akka.actor.default-dispatcher-2 - ApplicationTimer demo: Stopping application at 2019-04-16T12:34:24.801Z after 32s.
2019-04-16 13:34:24,802 [INFO] from application in application-akka.actor.default-dispatcher-2 - Shutting down connection pool.
2019-04-16 13:34:25,045 [INFO] from play.api.db.DefaultDBApi in play-dev-mode-akka.actor.default-dispatcher-57 - Database [default] initialized at jdbc:h2:file:./data/productsDB
2019-04-16 13:34:25,047 [INFO] from application in play-dev-mode-akka.actor.default-dispatcher-57 - Creating Pool for datasource 'default'
2019-04-16 13:34:25,152 [INFO] from application in play-dev-mode-akka.actor.default-dispatcher-57 - ApplicationTimer demo: Starting application at 2019-04-16T12:34:25.152Z
2019-04-16 13:34:25,173 [WARN] from org.hibernate.validator.messageinterpolation.ParameterMessageInterpolator in play-dev-mode-akka.actor.default-dispatcher-57 - HV000184: ParameterMessageInterpolator has been chosen, EL interpolation will not be supported
2019-04-16 13:34:25,258 [INFO] from play.api.http.EnabledFilters in play-dev-mode-akka.actor.default-dispatcher-57 - Enabled Filters (see <https://www.playframework.com/documentation/latest/Filters>):

    play.filters.csrf.CSRFFilter
    play.filters.headers.SecurityHeadersFilter
    play.filters.hosts.AllowedHostsFilter
    filters.ExampleFilter

2019-04-16 13:34:25,258 [INFO] from play.api.Play in play-dev-mode-akka.actor.default-dispatcher-57 - Application started (Dev)
2019-04-16 13:40:14,462 [INFO] from application in application-akka.actor.default-dispatcher-10 - ApplicationTimer demo: Stopping application at 2019-04-16T12:40:14.462Z after 349s.
2019-04-16 13:40:14,462 [INFO] from application in application-akka.actor.default-dispatcher-10 - Shutting down connection pool.
2019-04-16 13:40:14,724 [INFO] from play.api.db.DefaultDBApi in play-dev-mode-akka.actor.default-dispatcher-64 - Database [default] initialized at jdbc:h2:file:./data/productsDB
2019-04-16 13:40:14,729 [INFO] from application in play-dev-mode-akka.actor.default-dispatcher-64 - Creating Pool for datasource 'default'
2019-04-16 13:40:14,796 [INFO] from application in play-dev-mode-akka.actor.default-dispatcher-64 - ApplicationTimer demo: Starting application at 2019-04-16T12:40:14.796Z
2019-04-16 13:40:14,809 [WARN] from org.hibernate.validator.messageinterpolation.ParameterMessageInterpolator in play-dev-mode-akka.actor.default-dispatcher-64 - HV000184: ParameterMessageInterpolator has been chosen, EL interpolation will not be supported
2019-04-16 13:40:14,873 [INFO] from play.api.http.EnabledFilters in play-dev-mode-akka.actor.default-dispatcher-64 - Enabled Filters (see <https://www.playframework.com/documentation/latest/Filters>):

    play.filters.csrf.CSRFFilter
    play.filters.headers.SecurityHeadersFilter
    play.filters.hosts.AllowedHostsFilter
    filters.ExampleFilter

2019-04-16 13:40:14,873 [INFO] from play.api.Play in play-dev-mode-akka.actor.default-dispatcher-64 - Application started (Dev)
2019-04-16 13:41:01,139 [INFO] from application in application-akka.actor.default-dispatcher-8 - ApplicationTimer demo: Stopping application at 2019-04-16T12:41:01.139Z after 47s.
2019-04-16 13:41:01,140 [INFO] from application in application-akka.actor.default-dispatcher-8 - Shutting down connection pool.
2019-04-16 13:41:01,381 [INFO] from play.api.db.DefaultDBApi in play-dev-mode-akka.actor.default-dispatcher-73 - Database [default] initialized at jdbc:h2:file:./data/productsDB
2019-04-16 13:41:01,385 [INFO] from application in play-dev-mode-akka.actor.default-dispatcher-73 - Creating Pool for datasource 'default'
2019-04-16 13:41:01,453 [INFO] from application in play-dev-mode-akka.actor.default-dispatcher-73 - ApplicationTimer demo: Starting application at 2019-04-16T12:41:01.452Z
2019-04-16 13:41:01,463 [WARN] from org.hibernate.validator.messageinterpolation.ParameterMessageInterpolator in play-dev-mode-akka.actor.default-dispatcher-73 - HV000184: ParameterMessageInterpolator has been chosen, EL interpolation will not be supported
2019-04-16 13:41:01,522 [INFO] from play.api.http.EnabledFilters in play-dev-mode-akka.actor.default-dispatcher-73 - Enabled Filters (see <https://www.playframework.com/documentation/latest/Filters>):

    play.filters.csrf.CSRFFilter
    play.filters.headers.SecurityHeadersFilter
    play.filters.hosts.AllowedHostsFilter
    filters.ExampleFilter

2019-04-16 13:41:01,522 [INFO] from play.api.Play in play-dev-mode-akka.actor.default-dispatcher-73 - Application started (Dev)
2019-04-16 13:48:18,892 [ERROR] from application in play-dev-mode-akka.actor.default-dispatcher-81 - 

! @7bh2954kb - Internal server error, for (GET) [/] ->
 
play.sbt.PlayExceptions$CompilationException: Compilation error[value Sugnup is not a member of controllers.ReverseHomeController]
	at play.sbt.PlayExceptions$CompilationException$.apply(PlayExceptions.scala:34)
	at play.sbt.PlayExceptions$CompilationException$.apply(PlayExceptions.scala:34)
	at scala.Option.map(Option.scala:146)
	at play.sbt.run.PlayReload$.$anonfun$taskFailureHandler$1(PlayReload.scala:33)
	at scala.Option.map(Option.scala:146)
	at play.sbt.run.PlayReload$.taskFailureHandler(PlayReload.scala:28)
	at play.sbt.run.PlayReload$.compileFailure(PlayReload.scala:24)
	at play.sbt.run.PlayReload$.$anonfun$compile$3(PlayReload.scala:51)
	at scala.util.Either$LeftProjection.map(Either.scala:573)
	at play.sbt.run.PlayReload$.compile(PlayReload.scala:51)
	at play.sbt.run.PlayRun$.$anonfun$playRunTask$4(PlayRun.scala:76)
	at play.runsupport.Reloader.$anonfun$reload$1(Reloader.scala:412)
	at play.runsupport.Reloader$$anon$5.run(Reloader.scala:50)
	at java.security.AccessController.doPrivileged(Native Method)
	at play.runsupport.Reloader$.play$runsupport$Reloader$$withReloaderContextClassLoader(Reloader.scala:55)
	at play.runsupport.Reloader.reload(Reloader.scala:412)
	at play.core.server.DevServerStart$$anon$1.get(DevServerStart.scala:123)
	at play.core.server.AkkaHttpServer.handleRequest(AkkaHttpServer.scala:241)
	at play.core.server.AkkaHttpServer.$anonfun$createServerBinding$1(AkkaHttpServer.scala:138)
	at akka.stream.impl.fusing.MapAsyncUnordered$$anon$26.onPush(Ops.scala:1304)
	at akka.stream.impl.fusing.GraphInterpreter.processPush(GraphInterpreter.scala:519)
	at akka.stream.impl.fusing.GraphInterpreter.processEvent(GraphInterpreter.scala:482)
	at akka.stream.impl.fusing.GraphInterpreter.execute(GraphInterpreter.scala:378)
	at akka.stream.impl.fusing.GraphInterpreterShell.runBatch(ActorGraphInterpreter.scala:588)
	at akka.stream.impl.fusing.GraphInterpreterShell$AsyncInput.execute(ActorGraphInterpreter.scala:472)
	at akka.stream.impl.fusing.GraphInterpreterShell.processEvent(ActorGraphInterpreter.scala:563)
	at akka.stream.impl.fusing.ActorGraphInterpreter.akka$stream$impl$fusing$ActorGraphInterpreter$$processEvent(ActorGraphInterpreter.scala:745)
	at akka.stream.impl.fusing.ActorGraphInterpreter$$anonfun$receive$1.applyOrElse(ActorGraphInterpreter.scala:760)
	at akka.actor.Actor.aroundReceive(Actor.scala:517)
	at akka.actor.Actor.aroundReceive$(Actor.scala:515)
	at akka.stream.impl.fusing.ActorGraphInterpreter.aroundReceive(ActorGraphInterpreter.scala:670)
	at akka.actor.ActorCell.receiveMessage(ActorCell.scala:588)
	at akka.actor.ActorCell.invoke(ActorCell.scala:557)
	at akka.dispatch.Mailbox.processMailbox(Mailbox.scala:258)
	at akka.dispatch.Mailbox.run(Mailbox.scala:225)
	at akka.dispatch.Mailbox.exec(Mailbox.scala:235)
	at akka.dispatch.forkjoin.ForkJoinTask.doExec(ForkJoinTask.java:260)
	at akka.dispatch.forkjoin.ForkJoinPool$WorkQueue.runTask(ForkJoinPool.java:1339)
	at akka.dispatch.forkjoin.ForkJoinPool.runWorker(ForkJoinPool.java:1979)
	at akka.dispatch.forkjoin.ForkJoinWorkerThread.run(ForkJoinWorkerThread.java:107)
2019-04-16 13:48:46,435 [INFO] from application in application-akka.actor.default-dispatcher-3 - ApplicationTimer demo: Stopping application at 2019-04-16T12:48:46.435Z after 465s.
2019-04-16 13:48:46,436 [INFO] from application in application-akka.actor.default-dispatcher-3 - Shutting down connection pool.
2019-04-16 13:48:46,629 [INFO] from play.api.db.DefaultDBApi in play-dev-mode-akka.actor.default-dispatcher-78 - Database [default] initialized at jdbc:h2:file:./data/productsDB
2019-04-16 13:48:46,629 [INFO] from application in play-dev-mode-akka.actor.default-dispatcher-78 - Creating Pool for datasource 'default'
2019-04-16 13:48:46,719 [INFO] from application in play-dev-mode-akka.actor.default-dispatcher-78 - ApplicationTimer demo: Starting application at 2019-04-16T12:48:46.719Z
2019-04-16 13:48:46,727 [WARN] from org.hibernate.validator.messageinterpolation.ParameterMessageInterpolator in play-dev-mode-akka.actor.default-dispatcher-78 - HV000184: ParameterMessageInterpolator has been chosen, EL interpolation will not be supported
2019-04-16 13:48:46,802 [INFO] from play.api.http.EnabledFilters in play-dev-mode-akka.actor.default-dispatcher-78 - Enabled Filters (see <https://www.playframework.com/documentation/latest/Filters>):

    play.filters.csrf.CSRFFilter
    play.filters.headers.SecurityHeadersFilter
    play.filters.hosts.AllowedHostsFilter
    filters.ExampleFilter

2019-04-16 13:48:46,802 [INFO] from play.api.Play in play-dev-mode-akka.actor.default-dispatcher-78 - Application started (Dev)
2019-04-16 13:50:32,931 [INFO] from application in application-akka.actor.default-dispatcher-12 - ApplicationTimer demo: Stopping application at 2019-04-16T12:50:32.931Z after 106s.
2019-04-16 13:50:32,931 [INFO] from application in application-akka.actor.default-dispatcher-12 - Shutting down connection pool.
2019-04-16 13:50:33,108 [INFO] from play.api.db.DefaultDBApi in play-dev-mode-akka.actor.default-dispatcher-82 - Database [default] initialized at jdbc:h2:file:./data/productsDB
2019-04-16 13:50:33,108 [INFO] from application in play-dev-mode-akka.actor.default-dispatcher-82 - Creating Pool for datasource 'default'
2019-04-16 13:50:33,185 [INFO] from application in play-dev-mode-akka.actor.default-dispatcher-82 - ApplicationTimer demo: Starting application at 2019-04-16T12:50:33.185Z
2019-04-16 13:50:33,198 [WARN] from org.hibernate.validator.messageinterpolation.ParameterMessageInterpolator in play-dev-mode-akka.actor.default-dispatcher-82 - HV000184: ParameterMessageInterpolator has been chosen, EL interpolation will not be supported
2019-04-16 13:50:33,263 [INFO] from play.api.http.EnabledFilters in play-dev-mode-akka.actor.default-dispatcher-82 - Enabled Filters (see <https://www.playframework.com/documentation/latest/Filters>):

    play.filters.csrf.CSRFFilter
    play.filters.headers.SecurityHeadersFilter
    play.filters.hosts.AllowedHostsFilter
    filters.ExampleFilter

2019-04-16 13:50:33,264 [INFO] from play.api.Play in play-dev-mode-akka.actor.default-dispatcher-82 - Application started (Dev)
2019-04-16 14:36:23,922 [INFO] from application in application-akka.actor.default-dispatcher-5 - ApplicationTimer demo: Stopping application at 2019-04-16T13:36:23.922Z after 2750s.
2019-04-16 14:36:23,922 [INFO] from application in application-akka.actor.default-dispatcher-5 - Shutting down connection pool.
2019-04-16 14:36:24,097 [INFO] from play.api.db.DefaultDBApi in play-dev-mode-akka.actor.default-dispatcher-85 - Database [default] initialized at jdbc:h2:file:./data/productsDB
2019-04-16 14:36:24,097 [INFO] from application in play-dev-mode-akka.actor.default-dispatcher-85 - Creating Pool for datasource 'default'
2019-04-16 14:36:24,144 [INFO] from application in play-dev-mode-akka.actor.default-dispatcher-85 - ApplicationTimer demo: Starting application at 2019-04-16T13:36:24.144Z
2019-04-16 14:36:24,168 [WARN] from org.hibernate.validator.messageinterpolation.ParameterMessageInterpolator in play-dev-mode-akka.actor.default-dispatcher-85 - HV000184: ParameterMessageInterpolator has been chosen, EL interpolation will not be supported
2019-04-16 14:36:24,255 [INFO] from play.api.http.EnabledFilters in play-dev-mode-akka.actor.default-dispatcher-85 - Enabled Filters (see <https://www.playframework.com/documentation/latest/Filters>):

    play.filters.csrf.CSRFFilter
    play.filters.headers.SecurityHeadersFilter
    play.filters.hosts.AllowedHostsFilter
    filters.ExampleFilter

2019-04-16 14:36:24,256 [INFO] from play.api.Play in play-dev-mode-akka.actor.default-dispatcher-85 - Application started (Dev)
2019-04-16 14:46:41,054 [INFO] from application in application-akka.actor.default-dispatcher-10 - ApplicationTimer demo: Stopping application at 2019-04-16T13:46:41.054Z after 617s.
2019-04-16 14:46:41,054 [INFO] from application in application-akka.actor.default-dispatcher-10 - Shutting down connection pool.
2019-04-16 14:46:41,184 [INFO] from play.api.db.DefaultDBApi in play-dev-mode-akka.actor.default-dispatcher-97 - Database [default] initialized at jdbc:h2:file:./data/productsDB
2019-04-16 14:46:41,184 [INFO] from application in play-dev-mode-akka.actor.default-dispatcher-97 - Creating Pool for datasource 'default'
2019-04-16 14:46:41,250 [INFO] from application in play-dev-mode-akka.actor.default-dispatcher-97 - ApplicationTimer demo: Starting application at 2019-04-16T13:46:41.250Z
2019-04-16 14:46:41,263 [WARN] from org.hibernate.validator.messageinterpolation.ParameterMessageInterpolator in play-dev-mode-akka.actor.default-dispatcher-97 - HV000184: ParameterMessageInterpolator has been chosen, EL interpolation will not be supported
2019-04-16 14:46:41,333 [INFO] from play.api.http.EnabledFilters in play-dev-mode-akka.actor.default-dispatcher-97 - Enabled Filters (see <https://www.playframework.com/documentation/latest/Filters>):

    play.filters.csrf.CSRFFilter
    play.filters.headers.SecurityHeadersFilter
    play.filters.hosts.AllowedHostsFilter
    filters.ExampleFilter

2019-04-16 14:46:41,333 [INFO] from play.api.Play in play-dev-mode-akka.actor.default-dispatcher-97 - Application started (Dev)
2019-04-16 14:47:51,762 [INFO] from application in application-akka.actor.default-dispatcher-4 - ApplicationTimer demo: Stopping application at 2019-04-16T13:47:51.762Z after 70s.
2019-04-16 14:47:51,762 [INFO] from application in application-akka.actor.default-dispatcher-4 - Shutting down connection pool.
2019-04-16 14:47:51,980 [INFO] from play.api.db.DefaultDBApi in play-dev-mode-akka.actor.default-dispatcher-105 - Database [default] initialized at jdbc:h2:file:./data/productsDB
2019-04-16 14:47:51,980 [INFO] from application in play-dev-mode-akka.actor.default-dispatcher-105 - Creating Pool for datasource 'default'
2019-04-16 14:47:52,048 [INFO] from application in play-dev-mode-akka.actor.default-dispatcher-105 - ApplicationTimer demo: Starting application at 2019-04-16T13:47:52.048Z
2019-04-16 14:47:52,066 [WARN] from org.hibernate.validator.messageinterpolation.ParameterMessageInterpolator in play-dev-mode-akka.actor.default-dispatcher-105 - HV000184: ParameterMessageInterpolator has been chosen, EL interpolation will not be supported
2019-04-16 14:47:52,164 [INFO] from play.api.http.EnabledFilters in play-dev-mode-akka.actor.default-dispatcher-105 - Enabled Filters (see <https://www.playframework.com/documentation/latest/Filters>):

    play.filters.csrf.CSRFFilter
    play.filters.headers.SecurityHeadersFilter
    play.filters.hosts.AllowedHostsFilter
    filters.ExampleFilter

2019-04-16 14:47:52,164 [INFO] from play.api.Play in play-dev-mode-akka.actor.default-dispatcher-105 - Application started (Dev)
2019-04-16 14:48:29,913 [INFO] from application in application-akka.actor.default-dispatcher-7 - ApplicationTimer demo: Stopping application at 2019-04-16T13:48:29.913Z after 37s.
2019-04-16 14:48:29,914 [INFO] from application in application-akka.actor.default-dispatcher-7 - Shutting down connection pool.
2019-04-16 14:48:30,073 [INFO] from play.api.db.DefaultDBApi in play-dev-mode-akka.actor.default-dispatcher-105 - Database [default] initialized at jdbc:h2:file:./data/productsDB
2019-04-16 14:48:30,074 [INFO] from application in play-dev-mode-akka.actor.default-dispatcher-105 - Creating Pool for datasource 'default'
2019-04-16 14:48:30,156 [INFO] from application in play-dev-mode-akka.actor.default-dispatcher-105 - ApplicationTimer demo: Starting application at 2019-04-16T13:48:30.156Z
2019-04-16 14:48:30,167 [WARN] from org.hibernate.validator.messageinterpolation.ParameterMessageInterpolator in play-dev-mode-akka.actor.default-dispatcher-105 - HV000184: ParameterMessageInterpolator has been chosen, EL interpolation will not be supported
2019-04-16 14:48:30,255 [INFO] from play.api.http.EnabledFilters in play-dev-mode-akka.actor.default-dispatcher-105 - Enabled Filters (see <https://www.playframework.com/documentation/latest/Filters>):

    play.filters.csrf.CSRFFilter
    play.filters.headers.SecurityHeadersFilter
    play.filters.hosts.AllowedHostsFilter
    filters.ExampleFilter

2019-04-16 14:48:30,255 [INFO] from play.api.Play in play-dev-mode-akka.actor.default-dispatcher-105 - Application started (Dev)
2019-04-16 14:52:47,986 [INFO] from application in application-akka.actor.default-dispatcher-2 - ApplicationTimer demo: Stopping application at 2019-04-16T13:52:47.986Z after 257s.
2019-04-16 14:52:47,987 [INFO] from application in application-akka.actor.default-dispatcher-2 - Shutting down connection pool.
2019-04-16 14:52:48,159 [INFO] from play.api.db.DefaultDBApi in play-dev-mode-akka.actor.default-dispatcher-112 - Database [default] initialized at jdbc:h2:file:./data/productsDB
2019-04-16 14:52:48,159 [INFO] from application in play-dev-mode-akka.actor.default-dispatcher-112 - Creating Pool for datasource 'default'
2019-04-16 14:52:48,225 [INFO] from application in play-dev-mode-akka.actor.default-dispatcher-112 - ApplicationTimer demo: Starting application at 2019-04-16T13:52:48.225Z
2019-04-16 14:52:48,231 [WARN] from org.hibernate.validator.messageinterpolation.ParameterMessageInterpolator in play-dev-mode-akka.actor.default-dispatcher-112 - HV000184: ParameterMessageInterpolator has been chosen, EL interpolation will not be supported
2019-04-16 14:52:48,294 [INFO] from play.api.http.EnabledFilters in play-dev-mode-akka.actor.default-dispatcher-112 - Enabled Filters (see <https://www.playframework.com/documentation/latest/Filters>):

    play.filters.csrf.CSRFFilter
    play.filters.headers.SecurityHeadersFilter
    play.filters.hosts.AllowedHostsFilter
    filters.ExampleFilter

2019-04-16 14:52:48,294 [INFO] from play.api.Play in play-dev-mode-akka.actor.default-dispatcher-112 - Application started (Dev)
2019-04-16 14:59:45,755 [INFO] from application in application-akka.actor.default-dispatcher-22 - ApplicationTimer demo: Stopping application at 2019-04-16T13:59:45.755Z after 417s.
2019-04-16 14:59:45,756 [INFO] from application in application-akka.actor.default-dispatcher-22 - Shutting down connection pool.
2019-04-16 14:59:45,959 [INFO] from play.api.db.DefaultDBApi in play-dev-mode-akka.actor.default-dispatcher-123 - Database [default] initialized at jdbc:h2:file:./data/productsDB
2019-04-16 14:59:45,960 [INFO] from application in play-dev-mode-akka.actor.default-dispatcher-123 - Creating Pool for datasource 'default'
2019-04-16 14:59:45,997 [INFO] from application in play-dev-mode-akka.actor.default-dispatcher-123 - ApplicationTimer demo: Starting application at 2019-04-16T13:59:45.997Z
2019-04-16 14:59:46,005 [WARN] from org.hibernate.validator.messageinterpolation.ParameterMessageInterpolator in play-dev-mode-akka.actor.default-dispatcher-123 - HV000184: ParameterMessageInterpolator has been chosen, EL interpolation will not be supported
2019-04-16 14:59:46,077 [INFO] from play.api.http.EnabledFilters in play-dev-mode-akka.actor.default-dispatcher-123 - Enabled Filters (see <https://www.playframework.com/documentation/latest/Filters>):

    play.filters.csrf.CSRFFilter
    play.filters.headers.SecurityHeadersFilter
    play.filters.hosts.AllowedHostsFilter
    filters.ExampleFilter

2019-04-16 14:59:46,077 [INFO] from play.api.Play in play-dev-mode-akka.actor.default-dispatcher-123 - Application started (Dev)
2019-04-16 15:04:35,251 [ERROR] from application in play-dev-mode-akka.actor.default-dispatcher-142 - 

! @7bh2j5eg7 - Internal server error, for (GET) [/] ->
 
play.sbt.PlayExceptions$CompilationException: Compilation error[Expected '}' but found '@']
	at play.sbt.PlayExceptions$CompilationException$.apply(PlayExceptions.scala:34)
	at play.sbt.PlayExceptions$CompilationException$.apply(PlayExceptions.scala:34)
	at scala.Option.map(Option.scala:146)
	at play.sbt.run.PlayReload$.$anonfun$taskFailureHandler$1(PlayReload.scala:33)
	at scala.Option.map(Option.scala:146)
	at play.sbt.run.PlayReload$.taskFailureHandler(PlayReload.scala:28)
	at play.sbt.run.PlayReload$.compileFailure(PlayReload.scala:24)
	at play.sbt.run.PlayReload$.$anonfun$compile$3(PlayReload.scala:51)
	at scala.util.Either$LeftProjection.map(Either.scala:573)
	at play.sbt.run.PlayReload$.compile(PlayReload.scala:51)
	at play.sbt.run.PlayRun$.$anonfun$playRunTask$4(PlayRun.scala:76)
	at play.runsupport.Reloader.$anonfun$reload$1(Reloader.scala:412)
	at play.runsupport.Reloader$$anon$5.run(Reloader.scala:50)
	at java.security.AccessController.doPrivileged(Native Method)
	at play.runsupport.Reloader$.play$runsupport$Reloader$$withReloaderContextClassLoader(Reloader.scala:55)
	at play.runsupport.Reloader.reload(Reloader.scala:412)
	at play.core.server.DevServerStart$$anon$1.get(DevServerStart.scala:123)
	at play.core.server.AkkaHttpServer.handleRequest(AkkaHttpServer.scala:241)
	at play.core.server.AkkaHttpServer.$anonfun$createServerBinding$1(AkkaHttpServer.scala:138)
	at akka.stream.impl.fusing.MapAsyncUnordered$$anon$26.onPush(Ops.scala:1304)
	at akka.stream.impl.fusing.GraphInterpreter.processPush(GraphInterpreter.scala:519)
	at akka.stream.impl.fusing.GraphInterpreter.processEvent(GraphInterpreter.scala:482)
	at akka.stream.impl.fusing.GraphInterpreter.execute(GraphInterpreter.scala:378)
	at akka.stream.impl.fusing.GraphInterpreterShell.runBatch(ActorGraphInterpreter.scala:588)
	at akka.stream.impl.fusing.GraphInterpreterShell$AsyncInput.execute(ActorGraphInterpreter.scala:472)
	at akka.stream.impl.fusing.GraphInterpreterShell.processEvent(ActorGraphInterpreter.scala:563)
	at akka.stream.impl.fusing.ActorGraphInterpreter.akka$stream$impl$fusing$ActorGraphInterpreter$$processEvent(ActorGraphInterpreter.scala:745)
	at akka.stream.impl.fusing.ActorGraphInterpreter$$anonfun$receive$1.applyOrElse(ActorGraphInterpreter.scala:760)
	at akka.actor.Actor.aroundReceive(Actor.scala:517)
	at akka.actor.Actor.aroundReceive$(Actor.scala:515)
	at akka.stream.impl.fusing.ActorGraphInterpreter.aroundReceive(ActorGraphInterpreter.scala:670)
	at akka.actor.ActorCell.receiveMessage(ActorCell.scala:588)
	at akka.actor.ActorCell.invoke(ActorCell.scala:557)
	at akka.dispatch.Mailbox.processMailbox(Mailbox.scala:258)
	at akka.dispatch.Mailbox.run(Mailbox.scala:225)
	at akka.dispatch.Mailbox.exec(Mailbox.scala:235)
	at akka.dispatch.forkjoin.ForkJoinTask.doExec(ForkJoinTask.java:260)
	at akka.dispatch.forkjoin.ForkJoinPool$WorkQueue.runTask(ForkJoinPool.java:1339)
	at akka.dispatch.forkjoin.ForkJoinPool.runWorker(ForkJoinPool.java:1979)
	at akka.dispatch.forkjoin.ForkJoinWorkerThread.run(ForkJoinWorkerThread.java:107)
2019-04-16 15:05:14,217 [ERROR] from application in play-dev-mode-akka.actor.default-dispatcher-131 - 

! @7bh2j7k81 - Internal server error, for (GET) [/] ->
 
play.sbt.PlayExceptions$CompilationException: Compilation error[not found: value keyframes]
	at play.sbt.PlayExceptions$CompilationException$.apply(PlayExceptions.scala:34)
	at play.sbt.PlayExceptions$CompilationException$.apply(PlayExceptions.scala:34)
	at scala.Option.map(Option.scala:146)
	at play.sbt.run.PlayReload$.$anonfun$taskFailureHandler$1(PlayReload.scala:33)
	at scala.Option.map(Option.scala:146)
	at play.sbt.run.PlayReload$.taskFailureHandler(PlayReload.scala:28)
	at play.sbt.run.PlayReload$.compileFailure(PlayReload.scala:24)
	at play.sbt.run.PlayReload$.$anonfun$compile$3(PlayReload.scala:51)
	at scala.util.Either$LeftProjection.map(Either.scala:573)
	at play.sbt.run.PlayReload$.compile(PlayReload.scala:51)
	at play.sbt.run.PlayRun$.$anonfun$playRunTask$4(PlayRun.scala:76)
	at play.runsupport.Reloader.$anonfun$reload$1(Reloader.scala:412)
	at play.runsupport.Reloader$$anon$5.run(Reloader.scala:50)
	at java.security.AccessController.doPrivileged(Native Method)
	at play.runsupport.Reloader$.play$runsupport$Reloader$$withReloaderContextClassLoader(Reloader.scala:55)
	at play.runsupport.Reloader.reload(Reloader.scala:412)
	at play.core.server.DevServerStart$$anon$1.get(DevServerStart.scala:123)
	at play.core.server.AkkaHttpServer.handleRequest(AkkaHttpServer.scala:241)
	at play.core.server.AkkaHttpServer.$anonfun$createServerBinding$1(AkkaHttpServer.scala:138)
	at akka.stream.impl.fusing.MapAsyncUnordered$$anon$26.onPush(Ops.scala:1304)
	at akka.stream.impl.fusing.GraphInterpreter.processPush(GraphInterpreter.scala:519)
	at akka.stream.impl.fusing.GraphInterpreter.processEvent(GraphInterpreter.scala:482)
	at akka.stream.impl.fusing.GraphInterpreter.execute(GraphInterpreter.scala:378)
	at akka.stream.impl.fusing.GraphInterpreterShell.runBatch(ActorGraphInterpreter.scala:588)
	at akka.stream.impl.fusing.GraphInterpreterShell$AsyncInput.execute(ActorGraphInterpreter.scala:472)
	at akka.stream.impl.fusing.GraphInterpreterShell.processEvent(ActorGraphInterpreter.scala:563)
	at akka.stream.impl.fusing.ActorGraphInterpreter.akka$stream$impl$fusing$ActorGraphInterpreter$$processEvent(ActorGraphInterpreter.scala:745)
	at akka.stream.impl.fusing.ActorGraphInterpreter$$anonfun$receive$1.applyOrElse(ActorGraphInterpreter.scala:760)
	at akka.actor.Actor.aroundReceive(Actor.scala:517)
	at akka.actor.Actor.aroundReceive$(Actor.scala:515)
	at akka.stream.impl.fusing.ActorGraphInterpreter.aroundReceive(ActorGraphInterpreter.scala:670)
	at akka.actor.ActorCell.receiveMessage(ActorCell.scala:588)
	at akka.actor.ActorCell.invoke(ActorCell.scala:557)
	at akka.dispatch.Mailbox.processMailbox(Mailbox.scala:258)
	at akka.dispatch.Mailbox.run(Mailbox.scala:225)
	at akka.dispatch.Mailbox.exec(Mailbox.scala:235)
	at akka.dispatch.forkjoin.ForkJoinTask.doExec(ForkJoinTask.java:260)
	at akka.dispatch.forkjoin.ForkJoinPool$WorkQueue.runTask(ForkJoinPool.java:1339)
	at akka.dispatch.forkjoin.ForkJoinPool.runWorker(ForkJoinPool.java:1979)
	at akka.dispatch.forkjoin.ForkJoinWorkerThread.run(ForkJoinWorkerThread.java:107)
2019-04-16 15:05:42,498 [ERROR] from application in play-dev-mode-akka.actor.default-dispatcher-143 - 

! @7bh2j9a3j - Internal server error, for (GET) [/] ->
 
play.sbt.PlayExceptions$CompilationException: Compilation error[not found: value keyframes]
	at play.sbt.PlayExceptions$CompilationException$.apply(PlayExceptions.scala:34)
	at play.sbt.PlayExceptions$CompilationException$.apply(PlayExceptions.scala:34)
	at scala.Option.map(Option.scala:146)
	at play.sbt.run.PlayReload$.$anonfun$taskFailureHandler$1(PlayReload.scala:33)
	at scala.Option.map(Option.scala:146)
	at play.sbt.run.PlayReload$.taskFailureHandler(PlayReload.scala:28)
	at play.sbt.run.PlayReload$.compileFailure(PlayReload.scala:24)
	at play.sbt.run.PlayReload$.$anonfun$compile$3(PlayReload.scala:51)
	at scala.util.Either$LeftProjection.map(Either.scala:573)
	at play.sbt.run.PlayReload$.compile(PlayReload.scala:51)
	at play.sbt.run.PlayRun$.$anonfun$playRunTask$4(PlayRun.scala:76)
	at play.runsupport.Reloader.$anonfun$reload$1(Reloader.scala:412)
	at play.runsupport.Reloader$$anon$5.run(Reloader.scala:50)
	at java.security.AccessController.doPrivileged(Native Method)
	at play.runsupport.Reloader$.play$runsupport$Reloader$$withReloaderContextClassLoader(Reloader.scala:55)
	at play.runsupport.Reloader.reload(Reloader.scala:412)
	at play.core.server.DevServerStart$$anon$1.get(DevServerStart.scala:123)
	at play.core.server.AkkaHttpServer.handleRequest(AkkaHttpServer.scala:241)
	at play.core.server.AkkaHttpServer.$anonfun$createServerBinding$1(AkkaHttpServer.scala:138)
	at akka.stream.impl.fusing.MapAsyncUnordered$$anon$26.onPush(Ops.scala:1304)
	at akka.stream.impl.fusing.GraphInterpreter.processPush(GraphInterpreter.scala:519)
	at akka.stream.impl.fusing.GraphInterpreter.processEvent(GraphInterpreter.scala:482)
	at akka.stream.impl.fusing.GraphInterpreter.execute(GraphInterpreter.scala:378)
	at akka.stream.impl.fusing.GraphInterpreterShell.runBatch(ActorGraphInterpreter.scala:588)
	at akka.stream.impl.fusing.GraphInterpreterShell$AsyncInput.execute(ActorGraphInterpreter.scala:472)
	at akka.stream.impl.fusing.GraphInterpreterShell.processEvent(ActorGraphInterpreter.scala:563)
	at akka.stream.impl.fusing.ActorGraphInterpreter.akka$stream$impl$fusing$ActorGraphInterpreter$$processEvent(ActorGraphInterpreter.scala:745)
	at akka.stream.impl.fusing.ActorGraphInterpreter$$anonfun$receive$1.applyOrElse(ActorGraphInterpreter.scala:760)
	at akka.actor.Actor.aroundReceive(Actor.scala:517)
	at akka.actor.Actor.aroundReceive$(Actor.scala:515)
	at akka.stream.impl.fusing.ActorGraphInterpreter.aroundReceive(ActorGraphInterpreter.scala:670)
	at akka.actor.ActorCell.receiveMessage(ActorCell.scala:588)
	at akka.actor.ActorCell.invoke(ActorCell.scala:557)
	at akka.dispatch.Mailbox.processMailbox(Mailbox.scala:258)
	at akka.dispatch.Mailbox.run(Mailbox.scala:225)
	at akka.dispatch.Mailbox.exec(Mailbox.scala:235)
	at akka.dispatch.forkjoin.ForkJoinTask.doExec(ForkJoinTask.java:260)
	at akka.dispatch.forkjoin.ForkJoinPool$WorkQueue.runTask(ForkJoinPool.java:1339)
	at akka.dispatch.forkjoin.ForkJoinPool.runWorker(ForkJoinPool.java:1979)
	at akka.dispatch.forkjoin.ForkJoinWorkerThread.run(ForkJoinWorkerThread.java:107)
2019-04-16 15:05:50,343 [ERROR] from application in play-dev-mode-akka.actor.default-dispatcher-131 - 

! @7bh2j9ljd - Internal server error, for (GET) [/] ->
 
play.sbt.PlayExceptions$CompilationException: Compilation error[not found: value keyframes]
	at play.sbt.PlayExceptions$CompilationException$.apply(PlayExceptions.scala:34)
	at play.sbt.PlayExceptions$CompilationException$.apply(PlayExceptions.scala:34)
	at scala.Option.map(Option.scala:146)
	at play.sbt.run.PlayReload$.$anonfun$taskFailureHandler$1(PlayReload.scala:33)
	at scala.Option.map(Option.scala:146)
	at play.sbt.run.PlayReload$.taskFailureHandler(PlayReload.scala:28)
	at play.sbt.run.PlayReload$.compileFailure(PlayReload.scala:24)
	at play.sbt.run.PlayReload$.$anonfun$compile$3(PlayReload.scala:51)
	at scala.util.Either$LeftProjection.map(Either.scala:573)
	at play.sbt.run.PlayReload$.compile(PlayReload.scala:51)
	at play.sbt.run.PlayRun$.$anonfun$playRunTask$4(PlayRun.scala:76)
	at play.runsupport.Reloader.$anonfun$reload$1(Reloader.scala:412)
	at play.runsupport.Reloader$$anon$5.run(Reloader.scala:50)
	at java.security.AccessController.doPrivileged(Native Method)
	at play.runsupport.Reloader$.play$runsupport$Reloader$$withReloaderContextClassLoader(Reloader.scala:55)
	at play.runsupport.Reloader.reload(Reloader.scala:412)
	at play.core.server.DevServerStart$$anon$1.get(DevServerStart.scala:123)
	at play.core.server.AkkaHttpServer.handleRequest(AkkaHttpServer.scala:241)
	at play.core.server.AkkaHttpServer.$anonfun$createServerBinding$1(AkkaHttpServer.scala:138)
	at akka.stream.impl.fusing.MapAsyncUnordered$$anon$26.onPush(Ops.scala:1304)
	at akka.stream.impl.fusing.GraphInterpreter.processPush(GraphInterpreter.scala:519)
	at akka.stream.impl.fusing.GraphInterpreter.processEvent(GraphInterpreter.scala:482)
	at akka.stream.impl.fusing.GraphInterpreter.execute(GraphInterpreter.scala:378)
	at akka.stream.impl.fusing.GraphInterpreterShell.runBatch(ActorGraphInterpreter.scala:588)
	at akka.stream.impl.fusing.GraphInterpreterShell$AsyncInput.execute(ActorGraphInterpreter.scala:472)
	at akka.stream.impl.fusing.GraphInterpreterShell.processEvent(ActorGraphInterpreter.scala:563)
	at akka.stream.impl.fusing.ActorGraphInterpreter.akka$stream$impl$fusing$ActorGraphInterpreter$$processEvent(ActorGraphInterpreter.scala:745)
	at akka.stream.impl.fusing.ActorGraphInterpreter$$anonfun$receive$1.applyOrElse(ActorGraphInterpreter.scala:760)
	at akka.actor.Actor.aroundReceive(Actor.scala:517)
	at akka.actor.Actor.aroundReceive$(Actor.scala:515)
	at akka.stream.impl.fusing.ActorGraphInterpreter.aroundReceive(ActorGraphInterpreter.scala:670)
	at akka.actor.ActorCell.receiveMessage(ActorCell.scala:588)
	at akka.actor.ActorCell.invoke(ActorCell.scala:557)
	at akka.dispatch.Mailbox.processMailbox(Mailbox.scala:258)
	at akka.dispatch.Mailbox.run(Mailbox.scala:225)
	at akka.dispatch.Mailbox.exec(Mailbox.scala:235)
	at akka.dispatch.forkjoin.ForkJoinTask.doExec(ForkJoinTask.java:260)
	at akka.dispatch.forkjoin.ForkJoinPool$WorkQueue.runTask(ForkJoinPool.java:1339)
	at akka.dispatch.forkjoin.ForkJoinPool.runWorker(ForkJoinPool.java:1979)
	at akka.dispatch.forkjoin.ForkJoinWorkerThread.run(ForkJoinWorkerThread.java:107)
2019-04-16 15:05:57,523 [INFO] from application in application-akka.actor.default-dispatcher-10 - ApplicationTimer demo: Stopping application at 2019-04-16T14:05:57.523Z after 372s.
2019-04-16 15:05:57,523 [INFO] from application in application-akka.actor.default-dispatcher-10 - Shutting down connection pool.
2019-04-16 15:05:57,683 [INFO] from play.api.db.DefaultDBApi in play-dev-mode-akka.actor.default-dispatcher-143 - Database [default] initialized at jdbc:h2:file:./data/productsDB
2019-04-16 15:05:57,683 [INFO] from application in play-dev-mode-akka.actor.default-dispatcher-143 - Creating Pool for datasource 'default'
2019-04-16 15:05:57,755 [INFO] from application in play-dev-mode-akka.actor.default-dispatcher-143 - ApplicationTimer demo: Starting application at 2019-04-16T14:05:57.755Z
2019-04-16 15:05:57,763 [WARN] from org.hibernate.validator.messageinterpolation.ParameterMessageInterpolator in play-dev-mode-akka.actor.default-dispatcher-143 - HV000184: ParameterMessageInterpolator has been chosen, EL interpolation will not be supported
2019-04-16 15:05:57,835 [INFO] from play.api.http.EnabledFilters in play-dev-mode-akka.actor.default-dispatcher-143 - Enabled Filters (see <https://www.playframework.com/documentation/latest/Filters>):

    play.filters.csrf.CSRFFilter
    play.filters.headers.SecurityHeadersFilter
    play.filters.hosts.AllowedHostsFilter
    filters.ExampleFilter

2019-04-16 15:05:57,836 [INFO] from play.api.Play in play-dev-mode-akka.actor.default-dispatcher-143 - Application started (Dev)
2019-04-16 15:07:32,384 [INFO] from application in application-akka.actor.default-dispatcher-10 - ApplicationTimer demo: Stopping application at 2019-04-16T14:07:32.384Z after 95s.
2019-04-16 15:07:32,384 [INFO] from application in application-akka.actor.default-dispatcher-10 - Shutting down connection pool.
2019-04-16 15:07:32,561 [INFO] from play.api.db.DefaultDBApi in play-dev-mode-akka.actor.default-dispatcher-129 - Database [default] initialized at jdbc:h2:file:./data/productsDB
2019-04-16 15:07:32,561 [INFO] from application in play-dev-mode-akka.actor.default-dispatcher-129 - Creating Pool for datasource 'default'
2019-04-16 15:07:32,618 [INFO] from application in play-dev-mode-akka.actor.default-dispatcher-129 - ApplicationTimer demo: Starting application at 2019-04-16T14:07:32.618Z
2019-04-16 15:07:32,640 [WARN] from org.hibernate.validator.messageinterpolation.ParameterMessageInterpolator in play-dev-mode-akka.actor.default-dispatcher-129 - HV000184: ParameterMessageInterpolator has been chosen, EL interpolation will not be supported
2019-04-16 15:07:32,722 [INFO] from play.api.http.EnabledFilters in play-dev-mode-akka.actor.default-dispatcher-129 - Enabled Filters (see <https://www.playframework.com/documentation/latest/Filters>):

    play.filters.csrf.CSRFFilter
    play.filters.headers.SecurityHeadersFilter
    play.filters.hosts.AllowedHostsFilter
    filters.ExampleFilter

2019-04-16 15:07:32,722 [INFO] from play.api.Play in play-dev-mode-akka.actor.default-dispatcher-129 - Application started (Dev)
2019-04-16 15:07:59,230 [INFO] from application in application-akka.actor.default-dispatcher-5 - ApplicationTimer demo: Stopping application at 2019-04-16T14:07:59.230Z after 27s.
2019-04-16 15:07:59,231 [INFO] from application in application-akka.actor.default-dispatcher-5 - Shutting down connection pool.
2019-04-16 15:07:59,393 [INFO] from play.api.db.DefaultDBApi in play-dev-mode-akka.actor.default-dispatcher-130 - Database [default] initialized at jdbc:h2:file:./data/productsDB
2019-04-16 15:07:59,394 [INFO] from application in play-dev-mode-akka.actor.default-dispatcher-130 - Creating Pool for datasource 'default'
2019-04-16 15:07:59,457 [INFO] from application in play-dev-mode-akka.actor.default-dispatcher-130 - ApplicationTimer demo: Starting application at 2019-04-16T14:07:59.457Z
2019-04-16 15:07:59,464 [WARN] from org.hibernate.validator.messageinterpolation.ParameterMessageInterpolator in play-dev-mode-akka.actor.default-dispatcher-130 - HV000184: ParameterMessageInterpolator has been chosen, EL interpolation will not be supported
2019-04-16 15:07:59,551 [INFO] from play.api.http.EnabledFilters in play-dev-mode-akka.actor.default-dispatcher-130 - Enabled Filters (see <https://www.playframework.com/documentation/latest/Filters>):

    play.filters.csrf.CSRFFilter
    play.filters.headers.SecurityHeadersFilter
    play.filters.hosts.AllowedHostsFilter
    filters.ExampleFilter

2019-04-16 15:07:59,552 [INFO] from play.api.Play in play-dev-mode-akka.actor.default-dispatcher-130 - Application started (Dev)
2019-04-16 15:08:25,069 [INFO] from application in application-akka.actor.default-dispatcher-7 - ApplicationTimer demo: Stopping application at 2019-04-16T14:08:25.069Z after 26s.
2019-04-16 15:08:25,069 [INFO] from application in application-akka.actor.default-dispatcher-7 - Shutting down connection pool.
2019-04-16 15:08:25,668 [INFO] from play.api.db.DefaultDBApi in play-dev-mode-akka.actor.default-dispatcher-130 - Database [default] initialized at jdbc:h2:file:./data/productsDB
2019-04-16 15:08:25,675 [INFO] from application in play-dev-mode-akka.actor.default-dispatcher-130 - Creating Pool for datasource 'default'
2019-04-16 15:08:25,744 [INFO] from application in play-dev-mode-akka.actor.default-dispatcher-130 - ApplicationTimer demo: Starting application at 2019-04-16T14:08:25.744Z
2019-04-16 15:08:25,753 [WARN] from org.hibernate.validator.messageinterpolation.ParameterMessageInterpolator in play-dev-mode-akka.actor.default-dispatcher-130 - HV000184: ParameterMessageInterpolator has been chosen, EL interpolation will not be supported
2019-04-16 15:08:25,812 [INFO] from play.api.http.EnabledFilters in play-dev-mode-akka.actor.default-dispatcher-130 - Enabled Filters (see <https://www.playframework.com/documentation/latest/Filters>):

    play.filters.csrf.CSRFFilter
    play.filters.headers.SecurityHeadersFilter
    play.filters.hosts.AllowedHostsFilter
    filters.ExampleFilter

2019-04-16 15:08:25,813 [INFO] from play.api.Play in play-dev-mode-akka.actor.default-dispatcher-130 - Application started (Dev)
2019-04-16 15:08:58,365 [INFO] from application in application-akka.actor.default-dispatcher-5 - ApplicationTimer demo: Stopping application at 2019-04-16T14:08:58.365Z after 33s.
2019-04-16 15:08:58,365 [INFO] from application in application-akka.actor.default-dispatcher-5 - Shutting down connection pool.
2019-04-16 15:08:58,571 [INFO] from play.api.db.DefaultDBApi in play-dev-mode-akka.actor.default-dispatcher-129 - Database [default] initialized at jdbc:h2:file:./data/productsDB
2019-04-16 15:08:58,571 [INFO] from application in play-dev-mode-akka.actor.default-dispatcher-129 - Creating Pool for datasource 'default'
2019-04-16 15:08:58,648 [INFO] from application in play-dev-mode-akka.actor.default-dispatcher-129 - ApplicationTimer demo: Starting application at 2019-04-16T14:08:58.648Z
2019-04-16 15:08:58,661 [WARN] from org.hibernate.validator.messageinterpolation.ParameterMessageInterpolator in play-dev-mode-akka.actor.default-dispatcher-129 - HV000184: ParameterMessageInterpolator has been chosen, EL interpolation will not be supported
2019-04-16 15:08:58,722 [INFO] from play.api.http.EnabledFilters in play-dev-mode-akka.actor.default-dispatcher-129 - Enabled Filters (see <https://www.playframework.com/documentation/latest/Filters>):

    play.filters.csrf.CSRFFilter
    play.filters.headers.SecurityHeadersFilter
    play.filters.hosts.AllowedHostsFilter
    filters.ExampleFilter

2019-04-16 15:08:58,722 [INFO] from play.api.Play in play-dev-mode-akka.actor.default-dispatcher-129 - Application started (Dev)
2019-04-16 15:09:43,988 [INFO] from application in application-akka.actor.default-dispatcher-2 - ApplicationTimer demo: Stopping application at 2019-04-16T14:09:43.988Z after 45s.
2019-04-16 15:09:43,989 [INFO] from application in application-akka.actor.default-dispatcher-2 - Shutting down connection pool.
2019-04-16 15:09:44,141 [INFO] from play.api.db.DefaultDBApi in play-dev-mode-akka.actor.default-dispatcher-129 - Database [default] initialized at jdbc:h2:file:./data/productsDB
2019-04-16 15:09:44,141 [INFO] from application in play-dev-mode-akka.actor.default-dispatcher-129 - Creating Pool for datasource 'default'
2019-04-16 15:09:44,188 [INFO] from application in play-dev-mode-akka.actor.default-dispatcher-129 - ApplicationTimer demo: Starting application at 2019-04-16T14:09:44.188Z
2019-04-16 15:09:44,196 [WARN] from org.hibernate.validator.messageinterpolation.ParameterMessageInterpolator in play-dev-mode-akka.actor.default-dispatcher-129 - HV000184: ParameterMessageInterpolator has been chosen, EL interpolation will not be supported
2019-04-16 15:09:44,293 [INFO] from play.api.http.EnabledFilters in play-dev-mode-akka.actor.default-dispatcher-129 - Enabled Filters (see <https://www.playframework.com/documentation/latest/Filters>):

    play.filters.csrf.CSRFFilter
    play.filters.headers.SecurityHeadersFilter
    play.filters.hosts.AllowedHostsFilter
    filters.ExampleFilter

2019-04-16 15:09:44,294 [INFO] from play.api.Play in play-dev-mode-akka.actor.default-dispatcher-129 - Application started (Dev)
2019-04-16 15:10:12,481 [INFO] from application in application-akka.actor.default-dispatcher-9 - ApplicationTimer demo: Stopping application at 2019-04-16T14:10:12.481Z after 28s.
2019-04-16 15:10:12,481 [INFO] from application in application-akka.actor.default-dispatcher-9 - Shutting down connection pool.
2019-04-16 15:10:12,668 [INFO] from play.api.db.DefaultDBApi in play-dev-mode-akka.actor.default-dispatcher-130 - Database [default] initialized at jdbc:h2:file:./data/productsDB
2019-04-16 15:10:12,668 [INFO] from application in play-dev-mode-akka.actor.default-dispatcher-130 - Creating Pool for datasource 'default'
2019-04-16 15:10:12,723 [INFO] from application in play-dev-mode-akka.actor.default-dispatcher-130 - ApplicationTimer demo: Starting application at 2019-04-16T14:10:12.723Z
2019-04-16 15:10:12,735 [WARN] from org.hibernate.validator.messageinterpolation.ParameterMessageInterpolator in play-dev-mode-akka.actor.default-dispatcher-130 - HV000184: ParameterMessageInterpolator has been chosen, EL interpolation will not be supported
2019-04-16 15:10:12,798 [INFO] from play.api.http.EnabledFilters in play-dev-mode-akka.actor.default-dispatcher-130 - Enabled Filters (see <https://www.playframework.com/documentation/latest/Filters>):

    play.filters.csrf.CSRFFilter
    play.filters.headers.SecurityHeadersFilter
    play.filters.hosts.AllowedHostsFilter
    filters.ExampleFilter

2019-04-16 15:10:12,798 [INFO] from play.api.Play in play-dev-mode-akka.actor.default-dispatcher-130 - Application started (Dev)
2019-04-16 15:10:53,279 [INFO] from application in application-akka.actor.default-dispatcher-2 - ApplicationTimer demo: Stopping application at 2019-04-16T14:10:53.279Z after 41s.
2019-04-16 15:10:53,279 [INFO] from application in application-akka.actor.default-dispatcher-2 - Shutting down connection pool.
2019-04-16 15:10:53,432 [INFO] from play.api.db.DefaultDBApi in play-dev-mode-akka.actor.default-dispatcher-129 - Database [default] initialized at jdbc:h2:file:./data/productsDB
2019-04-16 15:10:53,432 [INFO] from application in play-dev-mode-akka.actor.default-dispatcher-129 - Creating Pool for datasource 'default'
2019-04-16 15:10:53,498 [INFO] from application in play-dev-mode-akka.actor.default-dispatcher-129 - ApplicationTimer demo: Starting application at 2019-04-16T14:10:53.498Z
2019-04-16 15:10:53,508 [WARN] from org.hibernate.validator.messageinterpolation.ParameterMessageInterpolator in play-dev-mode-akka.actor.default-dispatcher-129 - HV000184: ParameterMessageInterpolator has been chosen, EL interpolation will not be supported
2019-04-16 15:10:53,596 [INFO] from play.api.http.EnabledFilters in play-dev-mode-akka.actor.default-dispatcher-129 - Enabled Filters (see <https://www.playframework.com/documentation/latest/Filters>):

    play.filters.csrf.CSRFFilter
    play.filters.headers.SecurityHeadersFilter
    play.filters.hosts.AllowedHostsFilter
    filters.ExampleFilter

2019-04-16 15:10:53,599 [INFO] from play.api.Play in play-dev-mode-akka.actor.default-dispatcher-129 - Application started (Dev)
2019-04-16 15:12:14,377 [INFO] from application in application-akka.actor.default-dispatcher-11 - ApplicationTimer demo: Stopping application at 2019-04-16T14:12:14.377Z after 81s.
2019-04-16 15:12:14,378 [INFO] from application in application-akka.actor.default-dispatcher-11 - Shutting down connection pool.
2019-04-16 15:12:14,615 [INFO] from play.api.db.DefaultDBApi in play-dev-mode-akka.actor.default-dispatcher-143 - Database [default] initialized at jdbc:h2:file:./data/productsDB
2019-04-16 15:12:14,615 [INFO] from application in play-dev-mode-akka.actor.default-dispatcher-143 - Creating Pool for datasource 'default'
2019-04-16 15:12:14,699 [INFO] from application in play-dev-mode-akka.actor.default-dispatcher-143 - ApplicationTimer demo: Starting application at 2019-04-16T14:12:14.699Z
2019-04-16 15:12:14,708 [WARN] from org.hibernate.validator.messageinterpolation.ParameterMessageInterpolator in play-dev-mode-akka.actor.default-dispatcher-143 - HV000184: ParameterMessageInterpolator has been chosen, EL interpolation will not be supported
2019-04-16 15:12:14,800 [INFO] from play.api.http.EnabledFilters in play-dev-mode-akka.actor.default-dispatcher-143 - Enabled Filters (see <https://www.playframework.com/documentation/latest/Filters>):

    play.filters.csrf.CSRFFilter
    play.filters.headers.SecurityHeadersFilter
    play.filters.hosts.AllowedHostsFilter
    filters.ExampleFilter

2019-04-16 15:12:14,800 [INFO] from play.api.Play in play-dev-mode-akka.actor.default-dispatcher-143 - Application started (Dev)
2019-04-16 15:23:34,242 [INFO] from application in application-akka.actor.default-dispatcher-16 - ApplicationTimer demo: Stopping application at 2019-04-16T14:23:34.242Z after 680s.
2019-04-16 15:23:34,242 [INFO] from application in application-akka.actor.default-dispatcher-16 - Shutting down connection pool.
2019-04-16 15:23:34,459 [INFO] from play.api.db.DefaultDBApi in play-dev-mode-akka.actor.default-dispatcher-149 - Database [default] initialized at jdbc:h2:file:./data/productsDB
2019-04-16 15:23:34,459 [INFO] from application in play-dev-mode-akka.actor.default-dispatcher-149 - Creating Pool for datasource 'default'
2019-04-16 15:23:34,509 [INFO] from application in play-dev-mode-akka.actor.default-dispatcher-149 - ApplicationTimer demo: Starting application at 2019-04-16T14:23:34.509Z
2019-04-16 15:23:34,517 [WARN] from org.hibernate.validator.messageinterpolation.ParameterMessageInterpolator in play-dev-mode-akka.actor.default-dispatcher-149 - HV000184: ParameterMessageInterpolator has been chosen, EL interpolation will not be supported
2019-04-16 15:23:34,582 [INFO] from play.api.http.EnabledFilters in play-dev-mode-akka.actor.default-dispatcher-149 - Enabled Filters (see <https://www.playframework.com/documentation/latest/Filters>):

    play.filters.csrf.CSRFFilter
    play.filters.headers.SecurityHeadersFilter
    play.filters.hosts.AllowedHostsFilter
    filters.ExampleFilter

2019-04-16 15:23:34,582 [INFO] from play.api.Play in play-dev-mode-akka.actor.default-dispatcher-149 - Application started (Dev)
2019-04-16 15:24:02,323 [INFO] from application in application-akka.actor.default-dispatcher-3 - ApplicationTimer demo: Stopping application at 2019-04-16T14:24:02.323Z after 28s.
2019-04-16 15:24:02,323 [INFO] from application in application-akka.actor.default-dispatcher-3 - Shutting down connection pool.
2019-04-16 15:24:02,514 [INFO] from play.api.db.DefaultDBApi in play-dev-mode-akka.actor.default-dispatcher-149 - Database [default] initialized at jdbc:h2:file:./data/productsDB
2019-04-16 15:24:02,514 [INFO] from application in play-dev-mode-akka.actor.default-dispatcher-149 - Creating Pool for datasource 'default'
2019-04-16 15:24:02,558 [INFO] from application in play-dev-mode-akka.actor.default-dispatcher-149 - ApplicationTimer demo: Starting application at 2019-04-16T14:24:02.558Z
2019-04-16 15:24:02,583 [WARN] from org.hibernate.validator.messageinterpolation.ParameterMessageInterpolator in play-dev-mode-akka.actor.default-dispatcher-149 - HV000184: ParameterMessageInterpolator has been chosen, EL interpolation will not be supported
2019-04-16 15:24:02,636 [INFO] from play.api.http.EnabledFilters in play-dev-mode-akka.actor.default-dispatcher-149 - Enabled Filters (see <https://www.playframework.com/documentation/latest/Filters>):

    play.filters.csrf.CSRFFilter
    play.filters.headers.SecurityHeadersFilter
    play.filters.hosts.AllowedHostsFilter
    filters.ExampleFilter

2019-04-16 15:24:02,640 [INFO] from play.api.Play in play-dev-mode-akka.actor.default-dispatcher-149 - Application started (Dev)
2019-04-16 15:24:53,594 [INFO] from application in application-akka.actor.default-dispatcher-4 - ApplicationTimer demo: Stopping application at 2019-04-16T14:24:53.594Z after 51s.
2019-04-16 15:24:53,595 [INFO] from application in application-akka.actor.default-dispatcher-4 - Shutting down connection pool.
2019-04-16 15:24:53,787 [INFO] from play.api.db.DefaultDBApi in play-dev-mode-akka.actor.default-dispatcher-147 - Database [default] initialized at jdbc:h2:file:./data/productsDB
2019-04-16 15:24:53,787 [INFO] from application in play-dev-mode-akka.actor.default-dispatcher-147 - Creating Pool for datasource 'default'
2019-04-16 15:24:53,840 [INFO] from application in play-dev-mode-akka.actor.default-dispatcher-147 - ApplicationTimer demo: Starting application at 2019-04-16T14:24:53.839Z
2019-04-16 15:24:53,849 [WARN] from org.hibernate.validator.messageinterpolation.ParameterMessageInterpolator in play-dev-mode-akka.actor.default-dispatcher-147 - HV000184: ParameterMessageInterpolator has been chosen, EL interpolation will not be supported
2019-04-16 15:24:53,914 [INFO] from play.api.http.EnabledFilters in play-dev-mode-akka.actor.default-dispatcher-147 - Enabled Filters (see <https://www.playframework.com/documentation/latest/Filters>):

    play.filters.csrf.CSRFFilter
    play.filters.headers.SecurityHeadersFilter
    play.filters.hosts.AllowedHostsFilter
    filters.ExampleFilter

2019-04-16 15:24:53,915 [INFO] from play.api.Play in play-dev-mode-akka.actor.default-dispatcher-147 - Application started (Dev)
2019-04-16 15:28:15,820 [INFO] from application in application-akka.actor.default-dispatcher-13 - ApplicationTimer demo: Stopping application at 2019-04-16T14:28:15.820Z after 202s.
2019-04-16 15:28:15,820 [INFO] from application in application-akka.actor.default-dispatcher-13 - Shutting down connection pool.
2019-04-16 15:28:16,017 [INFO] from play.api.db.DefaultDBApi in play-dev-mode-akka.actor.default-dispatcher-158 - Database [default] initialized at jdbc:h2:file:./data/productsDB
2019-04-16 15:28:16,017 [INFO] from application in play-dev-mode-akka.actor.default-dispatcher-158 - Creating Pool for datasource 'default'
2019-04-16 15:28:16,066 [INFO] from application in play-dev-mode-akka.actor.default-dispatcher-158 - ApplicationTimer demo: Starting application at 2019-04-16T14:28:16.066Z
2019-04-16 15:28:16,075 [WARN] from org.hibernate.validator.messageinterpolation.ParameterMessageInterpolator in play-dev-mode-akka.actor.default-dispatcher-158 - HV000184: ParameterMessageInterpolator has been chosen, EL interpolation will not be supported
2019-04-16 15:28:16,155 [INFO] from play.api.http.EnabledFilters in play-dev-mode-akka.actor.default-dispatcher-158 - Enabled Filters (see <https://www.playframework.com/documentation/latest/Filters>):

    play.filters.csrf.CSRFFilter
    play.filters.headers.SecurityHeadersFilter
    play.filters.hosts.AllowedHostsFilter
    filters.ExampleFilter

2019-04-16 15:28:16,157 [INFO] from play.api.Play in play-dev-mode-akka.actor.default-dispatcher-158 - Application started (Dev)
2019-04-16 15:29:25,206 [INFO] from application in application-akka.actor.default-dispatcher-12 - ApplicationTimer demo: Stopping application at 2019-04-16T14:29:25.206Z after 69s.
2019-04-16 15:29:25,206 [INFO] from application in application-akka.actor.default-dispatcher-12 - Shutting down connection pool.
2019-04-16 15:29:25,329 [INFO] from play.api.db.DefaultDBApi in play-dev-mode-akka.actor.default-dispatcher-160 - Database [default] initialized at jdbc:h2:file:./data/productsDB
2019-04-16 15:29:25,329 [INFO] from application in play-dev-mode-akka.actor.default-dispatcher-160 - Creating Pool for datasource 'default'
2019-04-16 15:29:25,374 [INFO] from application in play-dev-mode-akka.actor.default-dispatcher-160 - ApplicationTimer demo: Starting application at 2019-04-16T14:29:25.374Z
2019-04-16 15:29:25,381 [WARN] from org.hibernate.validator.messageinterpolation.ParameterMessageInterpolator in play-dev-mode-akka.actor.default-dispatcher-160 - HV000184: ParameterMessageInterpolator has been chosen, EL interpolation will not be supported
2019-04-16 15:29:25,427 [INFO] from play.api.http.EnabledFilters in play-dev-mode-akka.actor.default-dispatcher-160 - Enabled Filters (see <https://www.playframework.com/documentation/latest/Filters>):

    play.filters.csrf.CSRFFilter
    play.filters.headers.SecurityHeadersFilter
    play.filters.hosts.AllowedHostsFilter
    filters.ExampleFilter

2019-04-16 15:29:25,428 [INFO] from play.api.Play in play-dev-mode-akka.actor.default-dispatcher-160 - Application started (Dev)
2019-04-16 15:29:40,298 [INFO] from application in application-akka.actor.default-dispatcher-3 - ApplicationTimer demo: Stopping application at 2019-04-16T14:29:40.298Z after 15s.
2019-04-16 15:29:40,298 [INFO] from application in application-akka.actor.default-dispatcher-3 - Shutting down connection pool.
2019-04-16 15:29:40,441 [INFO] from play.api.db.DefaultDBApi in play-dev-mode-akka.actor.default-dispatcher-158 - Database [default] initialized at jdbc:h2:file:./data/productsDB
2019-04-16 15:29:40,445 [INFO] from application in play-dev-mode-akka.actor.default-dispatcher-158 - Creating Pool for datasource 'default'
2019-04-16 15:29:40,506 [INFO] from application in play-dev-mode-akka.actor.default-dispatcher-158 - ApplicationTimer demo: Starting application at 2019-04-16T14:29:40.506Z
2019-04-16 15:29:40,513 [WARN] from org.hibernate.validator.messageinterpolation.ParameterMessageInterpolator in play-dev-mode-akka.actor.default-dispatcher-158 - HV000184: ParameterMessageInterpolator has been chosen, EL interpolation will not be supported
2019-04-16 15:29:40,585 [INFO] from play.api.http.EnabledFilters in play-dev-mode-akka.actor.default-dispatcher-158 - Enabled Filters (see <https://www.playframework.com/documentation/latest/Filters>):

    play.filters.csrf.CSRFFilter
    play.filters.headers.SecurityHeadersFilter
    play.filters.hosts.AllowedHostsFilter
    filters.ExampleFilter

2019-04-16 15:29:40,587 [INFO] from play.api.Play in play-dev-mode-akka.actor.default-dispatcher-158 - Application started (Dev)
2019-04-16 15:30:10,961 [INFO] from application in application-akka.actor.default-dispatcher-5 - ApplicationTimer demo: Stopping application at 2019-04-16T14:30:10.961Z after 30s.
2019-04-16 15:30:10,962 [INFO] from application in application-akka.actor.default-dispatcher-5 - Shutting down connection pool.
2019-04-16 15:30:11,135 [INFO] from play.api.db.DefaultDBApi in play-dev-mode-akka.actor.default-dispatcher-164 - Database [default] initialized at jdbc:h2:file:./data/productsDB
2019-04-16 15:30:11,135 [INFO] from application in play-dev-mode-akka.actor.default-dispatcher-164 - Creating Pool for datasource 'default'
2019-04-16 15:30:11,178 [INFO] from application in play-dev-mode-akka.actor.default-dispatcher-164 - ApplicationTimer demo: Starting application at 2019-04-16T14:30:11.178Z
2019-04-16 15:30:11,186 [WARN] from org.hibernate.validator.messageinterpolation.ParameterMessageInterpolator in play-dev-mode-akka.actor.default-dispatcher-164 - HV000184: ParameterMessageInterpolator has been chosen, EL interpolation will not be supported
2019-04-16 15:30:11,264 [INFO] from play.api.http.EnabledFilters in play-dev-mode-akka.actor.default-dispatcher-164 - Enabled Filters (see <https://www.playframework.com/documentation/latest/Filters>):

    play.filters.csrf.CSRFFilter
    play.filters.headers.SecurityHeadersFilter
    play.filters.hosts.AllowedHostsFilter
    filters.ExampleFilter

2019-04-16 15:30:11,265 [INFO] from play.api.Play in play-dev-mode-akka.actor.default-dispatcher-164 - Application started (Dev)
2019-04-16 15:30:28,467 [INFO] from application in application-akka.actor.default-dispatcher-5 - ApplicationTimer demo: Stopping application at 2019-04-16T14:30:28.467Z after 17s.
2019-04-16 15:30:28,467 [INFO] from application in application-akka.actor.default-dispatcher-5 - Shutting down connection pool.
2019-04-16 15:30:28,611 [INFO] from play.api.db.DefaultDBApi in play-dev-mode-akka.actor.default-dispatcher-164 - Database [default] initialized at jdbc:h2:file:./data/productsDB
2019-04-16 15:30:28,611 [INFO] from application in play-dev-mode-akka.actor.default-dispatcher-164 - Creating Pool for datasource 'default'
2019-04-16 15:30:28,650 [INFO] from application in play-dev-mode-akka.actor.default-dispatcher-164 - ApplicationTimer demo: Starting application at 2019-04-16T14:30:28.650Z
2019-04-16 15:30:28,660 [WARN] from org.hibernate.validator.messageinterpolation.ParameterMessageInterpolator in play-dev-mode-akka.actor.default-dispatcher-164 - HV000184: ParameterMessageInterpolator has been chosen, EL interpolation will not be supported
2019-04-16 15:30:28,709 [INFO] from play.api.http.EnabledFilters in play-dev-mode-akka.actor.default-dispatcher-164 - Enabled Filters (see <https://www.playframework.com/documentation/latest/Filters>):

    play.filters.csrf.CSRFFilter
    play.filters.headers.SecurityHeadersFilter
    play.filters.hosts.AllowedHostsFilter
    filters.ExampleFilter

2019-04-16 15:30:28,710 [INFO] from play.api.Play in play-dev-mode-akka.actor.default-dispatcher-164 - Application started (Dev)
2019-04-16 15:31:24,449 [INFO] from application in application-akka.actor.default-dispatcher-7 - ApplicationTimer demo: Stopping application at 2019-04-16T14:31:24.449Z after 56s.
2019-04-16 15:31:24,450 [INFO] from application in application-akka.actor.default-dispatcher-7 - Shutting down connection pool.
2019-04-16 15:31:24,651 [INFO] from play.api.db.DefaultDBApi in play-dev-mode-akka.actor.default-dispatcher-159 - Database [default] initialized at jdbc:h2:file:./data/productsDB
2019-04-16 15:31:24,657 [INFO] from application in play-dev-mode-akka.actor.default-dispatcher-159 - Creating Pool for datasource 'default'
2019-04-16 15:31:24,715 [INFO] from application in play-dev-mode-akka.actor.default-dispatcher-159 - ApplicationTimer demo: Starting application at 2019-04-16T14:31:24.715Z
2019-04-16 15:31:24,723 [WARN] from org.hibernate.validator.messageinterpolation.ParameterMessageInterpolator in play-dev-mode-akka.actor.default-dispatcher-159 - HV000184: ParameterMessageInterpolator has been chosen, EL interpolation will not be supported
2019-04-16 15:31:24,781 [INFO] from play.api.http.EnabledFilters in play-dev-mode-akka.actor.default-dispatcher-159 - Enabled Filters (see <https://www.playframework.com/documentation/latest/Filters>):

    play.filters.csrf.CSRFFilter
    play.filters.headers.SecurityHeadersFilter
    play.filters.hosts.AllowedHostsFilter
    filters.ExampleFilter

2019-04-16 15:31:24,781 [INFO] from play.api.Play in play-dev-mode-akka.actor.default-dispatcher-159 - Application started (Dev)
2019-04-16 15:31:48,820 [INFO] from application in application-akka.actor.default-dispatcher-5 - ApplicationTimer demo: Stopping application at 2019-04-16T14:31:48.820Z after 24s.
2019-04-16 15:31:48,820 [INFO] from application in application-akka.actor.default-dispatcher-5 - Shutting down connection pool.
2019-04-16 15:31:49,006 [INFO] from play.api.db.DefaultDBApi in play-dev-mode-akka.actor.default-dispatcher-159 - Database [default] initialized at jdbc:h2:file:./data/productsDB
2019-04-16 15:31:49,007 [INFO] from application in play-dev-mode-akka.actor.default-dispatcher-159 - Creating Pool for datasource 'default'
2019-04-16 15:31:49,072 [INFO] from application in play-dev-mode-akka.actor.default-dispatcher-159 - ApplicationTimer demo: Starting application at 2019-04-16T14:31:49.072Z
2019-04-16 15:31:49,080 [WARN] from org.hibernate.validator.messageinterpolation.ParameterMessageInterpolator in play-dev-mode-akka.actor.default-dispatcher-159 - HV000184: ParameterMessageInterpolator has been chosen, EL interpolation will not be supported
2019-04-16 15:31:49,132 [INFO] from play.api.http.EnabledFilters in play-dev-mode-akka.actor.default-dispatcher-159 - Enabled Filters (see <https://www.playframework.com/documentation/latest/Filters>):

    play.filters.csrf.CSRFFilter
    play.filters.headers.SecurityHeadersFilter
    play.filters.hosts.AllowedHostsFilter
    filters.ExampleFilter

2019-04-16 15:31:49,132 [INFO] from play.api.Play in play-dev-mode-akka.actor.default-dispatcher-159 - Application started (Dev)
2019-04-16 15:32:09,480 [INFO] from application in application-akka.actor.default-dispatcher-4 - ApplicationTimer demo: Stopping application at 2019-04-16T14:32:09.480Z after 20s.
2019-04-16 15:32:09,480 [INFO] from application in application-akka.actor.default-dispatcher-4 - Shutting down connection pool.
2019-04-16 15:32:09,632 [INFO] from play.api.db.DefaultDBApi in play-dev-mode-akka.actor.default-dispatcher-163 - Database [default] initialized at jdbc:h2:file:./data/productsDB
2019-04-16 15:32:09,632 [INFO] from application in play-dev-mode-akka.actor.default-dispatcher-163 - Creating Pool for datasource 'default'
2019-04-16 15:32:09,694 [INFO] from application in play-dev-mode-akka.actor.default-dispatcher-163 - ApplicationTimer demo: Starting application at 2019-04-16T14:32:09.694Z
2019-04-16 15:32:09,710 [WARN] from org.hibernate.validator.messageinterpolation.ParameterMessageInterpolator in play-dev-mode-akka.actor.default-dispatcher-163 - HV000184: ParameterMessageInterpolator has been chosen, EL interpolation will not be supported
2019-04-16 15:32:09,802 [INFO] from play.api.http.EnabledFilters in play-dev-mode-akka.actor.default-dispatcher-163 - Enabled Filters (see <https://www.playframework.com/documentation/latest/Filters>):

    play.filters.csrf.CSRFFilter
    play.filters.headers.SecurityHeadersFilter
    play.filters.hosts.AllowedHostsFilter
    filters.ExampleFilter

2019-04-16 15:32:09,804 [INFO] from play.api.Play in play-dev-mode-akka.actor.default-dispatcher-163 - Application started (Dev)
2019-04-16 15:32:43,738 [INFO] from application in application-akka.actor.default-dispatcher-3 - ApplicationTimer demo: Stopping application at 2019-04-16T14:32:43.738Z after 34s.
2019-04-16 15:32:43,739 [INFO] from application in application-akka.actor.default-dispatcher-3 - Shutting down connection pool.
2019-04-16 15:32:43,913 [INFO] from play.api.db.DefaultDBApi in play-dev-mode-akka.actor.default-dispatcher-158 - Database [default] initialized at jdbc:h2:file:./data/productsDB
2019-04-16 15:32:43,914 [INFO] from application in play-dev-mode-akka.actor.default-dispatcher-158 - Creating Pool for datasource 'default'
2019-04-16 15:32:44,007 [INFO] from application in play-dev-mode-akka.actor.default-dispatcher-158 - ApplicationTimer demo: Starting application at 2019-04-16T14:32:44.007Z
2019-04-16 15:32:44,016 [WARN] from org.hibernate.validator.messageinterpolation.ParameterMessageInterpolator in play-dev-mode-akka.actor.default-dispatcher-158 - HV000184: ParameterMessageInterpolator has been chosen, EL interpolation will not be supported
2019-04-16 15:32:44,093 [INFO] from play.api.http.EnabledFilters in play-dev-mode-akka.actor.default-dispatcher-158 - Enabled Filters (see <https://www.playframework.com/documentation/latest/Filters>):

    play.filters.csrf.CSRFFilter
    play.filters.headers.SecurityHeadersFilter
    play.filters.hosts.AllowedHostsFilter
    filters.ExampleFilter

2019-04-16 15:32:44,093 [INFO] from play.api.Play in play-dev-mode-akka.actor.default-dispatcher-158 - Application started (Dev)
2019-04-16 15:34:20,029 [INFO] from application in application-akka.actor.default-dispatcher-10 - ApplicationTimer demo: Stopping application at 2019-04-16T14:34:20.029Z after 96s.
2019-04-16 15:34:20,029 [INFO] from application in application-akka.actor.default-dispatcher-10 - Shutting down connection pool.
2019-04-16 15:34:20,170 [INFO] from play.api.db.DefaultDBApi in play-dev-mode-akka.actor.default-dispatcher-166 - Database [default] initialized at jdbc:h2:file:./data/productsDB
2019-04-16 15:34:20,170 [INFO] from application in play-dev-mode-akka.actor.default-dispatcher-166 - Creating Pool for datasource 'default'
2019-04-16 15:34:20,216 [INFO] from application in play-dev-mode-akka.actor.default-dispatcher-166 - ApplicationTimer demo: Starting application at 2019-04-16T14:34:20.216Z
2019-04-16 15:34:20,225 [WARN] from org.hibernate.validator.messageinterpolation.ParameterMessageInterpolator in play-dev-mode-akka.actor.default-dispatcher-166 - HV000184: ParameterMessageInterpolator has been chosen, EL interpolation will not be supported
2019-04-16 15:34:20,280 [INFO] from play.api.http.EnabledFilters in play-dev-mode-akka.actor.default-dispatcher-166 - Enabled Filters (see <https://www.playframework.com/documentation/latest/Filters>):

    play.filters.csrf.CSRFFilter
    play.filters.headers.SecurityHeadersFilter
    play.filters.hosts.AllowedHostsFilter
    filters.ExampleFilter

2019-04-16 15:34:20,280 [INFO] from play.api.Play in play-dev-mode-akka.actor.default-dispatcher-166 - Application started (Dev)
2019-04-16 15:35:37,955 [INFO] from application in application-akka.actor.default-dispatcher-11 - ApplicationTimer demo: Stopping application at 2019-04-16T14:35:37.955Z after 77s.
2019-04-16 15:35:37,955 [INFO] from application in application-akka.actor.default-dispatcher-11 - Shutting down connection pool.
2019-04-16 15:35:38,138 [INFO] from play.api.db.DefaultDBApi in play-dev-mode-akka.actor.default-dispatcher-164 - Database [default] initialized at jdbc:h2:file:./data/productsDB
2019-04-16 15:35:38,139 [INFO] from application in play-dev-mode-akka.actor.default-dispatcher-164 - Creating Pool for datasource 'default'
2019-04-16 15:35:38,201 [INFO] from application in play-dev-mode-akka.actor.default-dispatcher-164 - ApplicationTimer demo: Starting application at 2019-04-16T14:35:38.200Z
2019-04-16 15:35:38,212 [WARN] from org.hibernate.validator.messageinterpolation.ParameterMessageInterpolator in play-dev-mode-akka.actor.default-dispatcher-164 - HV000184: ParameterMessageInterpolator has been chosen, EL interpolation will not be supported
2019-04-16 15:35:38,281 [INFO] from play.api.http.EnabledFilters in play-dev-mode-akka.actor.default-dispatcher-164 - Enabled Filters (see <https://www.playframework.com/documentation/latest/Filters>):

    play.filters.csrf.CSRFFilter
    play.filters.headers.SecurityHeadersFilter
    play.filters.hosts.AllowedHostsFilter
    filters.ExampleFilter

2019-04-16 15:35:38,282 [INFO] from play.api.Play in play-dev-mode-akka.actor.default-dispatcher-164 - Application started (Dev)
